[2024-07-09 13:51:38,873] [INFO] [real_accelerator.py:161:get_accelerator] Setting ds_accelerator to cuda (auto detect)
/home/avaidya7/.conda/envs/llava/lib/python3.10/site-packages/huggingface_hub/file_download.py:1132: FutureWarning: `resume_download` is deprecated and will be removed in version 1.0.0. Downloads always resume when possible. If you want to force a new download, use `force_download=True`.
  warnings.warn(
Loading LLaVA from base model...
Loading checkpoint shards:   0%|          | 0/2 [00:00<?, ?it/s]/home/avaidya7/.conda/envs/llava/lib/python3.10/site-packages/torch/_utils.py:831: UserWarning: TypedStorage is deprecated. It will be removed in the future and UntypedStorage will be the only storage class. This should only matter to you if you are using storages directly.  To access UntypedStorage directly, use tensor.untyped_storage() instead of tensor.storage()
  return self.fget.__get__(instance, owner)()
Loading checkpoint shards:  50%|█████     | 1/2 [00:00<00:00,  5.66it/s]Loading checkpoint shards: 100%|██████████| 2/2 [00:00<00:00,  6.97it/s]Loading checkpoint shards: 100%|██████████| 2/2 [00:00<00:00,  6.73it/s]
Loading additional LLaVA weights...
Loading LoRA weights...
Traceback (most recent call last):
  File "/home/avaidya7/CPT_VLM/scripts/merge_lora_weights.py", line 27, in <module>
    merge_lora(args)
  File "/home/avaidya7/CPT_VLM/scripts/merge_lora_weights.py", line 11, in merge_lora
    tokenizer, model, image_processor, context_len = load_pretrained_model(
  File "/home/avaidya7/CPT_VLM/llava/model/builder.py", line 83, in load_pretrained_model
    model = PeftModel.from_pretrained(model, model_path)
  File "/home/avaidya7/.conda/envs/llava/lib/python3.10/site-packages/peft/peft_model.py", line 371, in from_pretrained
    config = PEFT_TYPE_TO_CONFIG_MAPPING[
  File "/home/avaidya7/.conda/envs/llava/lib/python3.10/site-packages/peft/config.py", line 151, in from_pretrained
    return cls.from_peft_type(**kwargs)
  File "/home/avaidya7/.conda/envs/llava/lib/python3.10/site-packages/peft/config.py", line 118, in from_peft_type
    return config_cls(**kwargs)
TypeError: LoraConfig.__init__() got an unexpected keyword argument 'nola_num_basis'
